INFO: [VRFC 10-2263] Analyzing Verilog file "/home/malak/sites/addproject/caesar_cipher/caesar_cipher.srcs/sources_1/imports/imports/AHB_VGA/AHBVGASYS.v" into library xil_defaultlib
INFO: [VRFC 10-311] analyzing module AHBVGA
INFO: [VRFC 10-2263] Analyzing Verilog file "/home/malak/sites/addproject/caesar_cipher/caesar_cipher.srcs/sources_1/imports/keyboard/PS2Receiver.v" into library xil_defaultlib
INFO: [VRFC 10-311] analyzing module PS2Receiver
INFO: [VRFC 10-2263] Analyzing Verilog file "/home/malak/sites/addproject/caesar_cipher/caesar_cipher.srcs/sources_1/new/VGASYS.v" into library xil_defaultlib
INFO: [VRFC 10-311] analyzing module VGASYS
INFO: [VRFC 10-2263] Analyzing Verilog file "/home/malak/sites/addproject/caesar_cipher/caesar_cipher.srcs/sources_1/new/caeserEncoder.v" into library xil_defaultlib
INFO: [VRFC 10-311] analyzing module caeserEncoder
INFO: [VRFC 10-2263] Analyzing Verilog file "/home/malak/sites/addproject/caesar_cipher/caesar_cipher.srcs/sources_1/imports/imports/AHB_VGA/counter.v" into library xil_defaultlib
INFO: [VRFC 10-311] analyzing module GenericCounter
INFO: [VRFC 10-2263] Analyzing Verilog file "/home/malak/sites/addproject/caesar_cipher/caesar_cipher.srcs/sources_1/imports/keyboard/debouncer.v" into library xil_defaultlib
INFO: [VRFC 10-311] analyzing module debouncer
INFO: [VRFC 10-2263] Analyzing Verilog file "/home/malak/sites/addproject/caesar_cipher/caesar_cipher.srcs/sources_1/imports/imports/AHB_VGA/dual_port_ram_sync.v" into library xil_defaultlib
INFO: [VRFC 10-311] analyzing module dual_port_ram_sync
INFO: [VRFC 10-2263] Analyzing Verilog file "/home/malak/sites/addproject/caesar_cipher/caesar_cipher.srcs/sources_1/imports/imports/AHB_VGA/font_rom.v" into library xil_defaultlib
INFO: [VRFC 10-311] analyzing module font_rom
INFO: [VRFC 10-2263] Analyzing Verilog file "/home/malak/sites/addproject/caesar_cipher/caesar_cipher.srcs/sources_1/new/mapto7bitacsii.v" into library xil_defaultlib
INFO: [VRFC 10-311] analyzing module mapto7bitacsii
INFO: [VRFC 10-2263] Analyzing Verilog file "/home/malak/sites/addproject/caesar_cipher/caesar_cipher.srcs/sources_1/imports/keyboard/top.v" into library xil_defaultlib
INFO: [VRFC 10-311] analyzing module top
INFO: [VRFC 10-2263] Analyzing Verilog file "/home/malak/sites/addproject/caesar_cipher/caesar_cipher.srcs/sources_1/imports/imports/AHB_VGA/vga_console.v" into library xil_defaultlib
INFO: [VRFC 10-311] analyzing module vga_console
INFO: [VRFC 10-2458] undeclared symbol we, assumed default net type wire [/home/malak/sites/addproject/caesar_cipher/caesar_cipher.srcs/sources_1/imports/imports/AHB_VGA/vga_console.v:111]
INFO: [VRFC 10-2458] undeclared symbol back_space, assumed default net type wire [/home/malak/sites/addproject/caesar_cipher/caesar_cipher.srcs/sources_1/imports/imports/AHB_VGA/vga_console.v:149]
INFO: [VRFC 10-2263] Analyzing Verilog file "/home/malak/sites/addproject/caesar_cipher/caesar_cipher.srcs/sources_1/imports/imports/AHB_VGA/vga_image.v" into library xil_defaultlib
INFO: [VRFC 10-311] analyzing module vga_image
INFO: [VRFC 10-2263] Analyzing Verilog file "/home/malak/sites/addproject/caesar_cipher/caesar_cipher.srcs/sources_1/imports/imports/AHB_VGA/vga_sync.v" into library xil_defaultlib
INFO: [VRFC 10-311] analyzing module VGAInterface
INFO: [VRFC 10-2263] Analyzing Verilog file "/home/malak/sites/addproject/caesar_cipher/caesar_cipher.srcs/sim_1/new/top_tb.v" into library xil_defaultlib
INFO: [VRFC 10-311] analyzing module top_tb
