#-----------------------------------------------------------
# Vivado v2019.2 (64-bit)
# SW Build 2708876 on Wed Nov  6 21:39:14 MST 2019
# IP Build 2700528 on Thu Nov  7 00:09:20 MST 2019
# Start of session at: Tue May 26 21:54:23 2020
# Process ID: 11081
# Current directory: /home/malak/sites/addproject
# Command line: vivado
# Log file: /home/malak/sites/addproject/vivado.log
# Journal file: /home/malak/sites/addproject/vivado.jou
#-----------------------------------------------------------
start_gui
open_project /home/malak/sites/addproject/caeser_cipher_with_paths/caeser_cipher_with_paths.xpr
Scanning sources...
Finished scanning sources
INFO: [IP_Flow 19-234] Refreshing IP repositories
INFO: [IP_Flow 19-1704] No user IP repositories specified
INFO: [IP_Flow 19-2313] Loaded Vivado IP repository '/tools/Xilinx/Vivado/2019.2/data/ip'.
open_project: Time (s): cpu = 00:00:24 ; elapsed = 00:00:11 . Memory (MB): peak = 6650.551 ; gain = 189.184 ; free physical = 580 ; free virtual = 5813
update_compile_order -fileset sources_1
exit
INFO: [Common 17-206] Exiting Vivado at Tue May 26 22:09:58 2020...
