
*** Running vivado
    with args -log top.vds -m64 -product Vivado -mode batch -messageDb vivado.pb -notrace -source top.tcl


****** Vivado v2019.2 (64-bit)
  **** SW Build 2708876 on Wed Nov  6 21:39:14 MST 2019
  **** IP Build 2700528 on Thu Nov  7 00:09:20 MST 2019
    ** Copyright 1986-2019 Xilinx, Inc. All Rights Reserved.

source top.tcl -notrace
Command: synth_design -top top -part xc7a100tcsg324-1
Starting synth_design
Attempting to get a license for feature 'Synthesis' and/or device 'xc7a100t'
INFO: [Common 17-349] Got license for feature 'Synthesis' and/or device 'xc7a100t'
INFO: [Device 21-403] Loading part xc7a100tcsg324-1
INFO: Launching helper process for spawning children vivado processes
INFO: Helper process launched with PID 26515 
---------------------------------------------------------------------------------
Starting RTL Elaboration : Time (s): cpu = 00:00:03 ; elapsed = 00:00:04 . Memory (MB): peak = 1974.992 ; gain = 201.684 ; free physical = 220 ; free virtual = 4289
---------------------------------------------------------------------------------
INFO: [Synth 8-6157] synthesizing module 'top' [/home/malak/sites/addproject/caesar_cipher/caesar_cipher.srcs/sources_1/imports/keyboard/top.v:2]
INFO: [Synth 8-6157] synthesizing module 'PS2Receiver' [/home/malak/sites/addproject/caesar_cipher/caesar_cipher.srcs/sources_1/imports/keyboard/PS2Receiver.v:23]
INFO: [Synth 8-6157] synthesizing module 'debouncer' [/home/malak/sites/addproject/caesar_cipher/caesar_cipher.srcs/sources_1/imports/keyboard/debouncer.v:23]
INFO: [Synth 8-6155] done synthesizing module 'debouncer' (1#1) [/home/malak/sites/addproject/caesar_cipher/caesar_cipher.srcs/sources_1/imports/keyboard/debouncer.v:23]
INFO: [Synth 8-155] case statement is not full and has no default [/home/malak/sites/addproject/caesar_cipher/caesar_cipher.srcs/sources_1/imports/keyboard/PS2Receiver.v:53]
INFO: [Synth 8-6155] done synthesizing module 'PS2Receiver' (2#1) [/home/malak/sites/addproject/caesar_cipher/caesar_cipher.srcs/sources_1/imports/keyboard/PS2Receiver.v:23]
INFO: [Synth 8-6157] synthesizing module 'caeserEncoder' [/home/malak/sites/addproject/caesar_cipher/caesar_cipher.srcs/sources_1/new/caeserEncoder.v:24]
INFO: [Synth 8-6155] done synthesizing module 'caeserEncoder' (3#1) [/home/malak/sites/addproject/caesar_cipher/caesar_cipher.srcs/sources_1/new/caeserEncoder.v:24]
WARNING: [Synth 8-689] width (9) of port connection 'newChar' does not match port width (8) of module 'caeserEncoder' [/home/malak/sites/addproject/caesar_cipher/caesar_cipher.srcs/sources_1/imports/keyboard/top.v:35]
INFO: [Synth 8-6157] synthesizing module 'seg7decimal' [/home/malak/sites/addproject/caesar_cipher/caesar_cipher.srcs/sources_1/imports/keyboard/Seg_7_Display.v:21]
INFO: [Synth 8-226] default block is never used [/home/malak/sites/addproject/caesar_cipher/caesar_cipher.srcs/sources_1/imports/keyboard/Seg_7_Display.v:45]
INFO: [Synth 8-226] default block is never used [/home/malak/sites/addproject/caesar_cipher/caesar_cipher.srcs/sources_1/imports/keyboard/Seg_7_Display.v:62]
INFO: [Synth 8-6155] done synthesizing module 'seg7decimal' (4#1) [/home/malak/sites/addproject/caesar_cipher/caesar_cipher.srcs/sources_1/imports/keyboard/Seg_7_Display.v:21]
WARNING: [Synth 8-3848] Net UART_TXD in module/entity top does not have driver. [/home/malak/sites/addproject/caesar_cipher/caesar_cipher.srcs/sources_1/imports/keyboard/top.v:11]
INFO: [Synth 8-6155] done synthesizing module 'top' (5#1) [/home/malak/sites/addproject/caesar_cipher/caesar_cipher.srcs/sources_1/imports/keyboard/top.v:2]
WARNING: [Synth 8-3331] design top has unconnected port UART_TXD
---------------------------------------------------------------------------------
Finished RTL Elaboration : Time (s): cpu = 00:00:04 ; elapsed = 00:00:05 . Memory (MB): peak = 2036.742 ; gain = 263.434 ; free physical = 252 ; free virtual = 4321
---------------------------------------------------------------------------------

Report Check Netlist: 
+------+------------------+-------+---------+-------+------------------+
|      |Item              |Errors |Warnings |Status |Description       |
+------+------------------+-------+---------+-------+------------------+
|1     |multi_driven_nets |      0|        0|Passed |Multi driven nets |
+------+------------------+-------+---------+-------+------------------+
---------------------------------------------------------------------------------
Start Handling Custom Attributes
---------------------------------------------------------------------------------
---------------------------------------------------------------------------------
Finished Handling Custom Attributes : Time (s): cpu = 00:00:05 ; elapsed = 00:00:06 . Memory (MB): peak = 2039.711 ; gain = 266.402 ; free physical = 248 ; free virtual = 4318
---------------------------------------------------------------------------------
---------------------------------------------------------------------------------
Finished RTL Optimization Phase 1 : Time (s): cpu = 00:00:05 ; elapsed = 00:00:06 . Memory (MB): peak = 2039.711 ; gain = 266.402 ; free physical = 248 ; free virtual = 4318
---------------------------------------------------------------------------------
Netlist sorting complete. Time (s): cpu = 00:00:00 ; elapsed = 00:00:00.01 . Memory (MB): peak = 2039.711 ; gain = 0.000 ; free physical = 241 ; free virtual = 4311
INFO: [Project 1-570] Preparing netlist for logic optimization

Processing XDC Constraints
Initializing timing engine
Parsing XDC File [/home/malak/sites/addproject/caesar_cipher/caesar_cipher.srcs/constrs_1/imports/digilent-xdc-master/Nexys-4-DDR-Master.xdc]
Finished Parsing XDC File [/home/malak/sites/addproject/caesar_cipher/caesar_cipher.srcs/constrs_1/imports/digilent-xdc-master/Nexys-4-DDR-Master.xdc]
INFO: [Project 1-236] Implementation specific constraints were found while reading constraint file [/home/malak/sites/addproject/caesar_cipher/caesar_cipher.srcs/constrs_1/imports/digilent-xdc-master/Nexys-4-DDR-Master.xdc]. These constraints will be ignored for synthesis but will be used in implementation. Impacted constraints are listed in the file [.Xil/top_propImpl.xdc].
Resolution: To avoid this warning, move constraints listed in [.Xil/top_propImpl.xdc] to another XDC file and exclude this new file from synthesis with the used_in_synthesis property (File Properties dialog in GUI) and re-run elaboration/synthesis.
Completed Processing XDC Constraints

Netlist sorting complete. Time (s): cpu = 00:00:00 ; elapsed = 00:00:00 . Memory (MB): peak = 2195.523 ; gain = 0.000 ; free physical = 143 ; free virtual = 4224
INFO: [Project 1-111] Unisim Transformation Summary:
No Unisim elements were transformed.

Constraint Validation Runtime : Time (s): cpu = 00:00:00 ; elapsed = 00:00:00 . Memory (MB): peak = 2195.523 ; gain = 0.000 ; free physical = 143 ; free virtual = 4224
---------------------------------------------------------------------------------
Finished Constraint Validation : Time (s): cpu = 00:00:10 ; elapsed = 00:00:12 . Memory (MB): peak = 2195.523 ; gain = 422.215 ; free physical = 205 ; free virtual = 4286
---------------------------------------------------------------------------------
---------------------------------------------------------------------------------
Start Loading Part and Timing Information
---------------------------------------------------------------------------------
Loading part: xc7a100tcsg324-1
---------------------------------------------------------------------------------
Finished Loading Part and Timing Information : Time (s): cpu = 00:00:10 ; elapsed = 00:00:12 . Memory (MB): peak = 2195.523 ; gain = 422.215 ; free physical = 205 ; free virtual = 4286
---------------------------------------------------------------------------------
---------------------------------------------------------------------------------
Start Applying 'set_property' XDC Constraints
---------------------------------------------------------------------------------
---------------------------------------------------------------------------------
Finished applying 'set_property' XDC Constraints : Time (s): cpu = 00:00:10 ; elapsed = 00:00:12 . Memory (MB): peak = 2195.523 ; gain = 422.215 ; free physical = 205 ; free virtual = 4286
---------------------------------------------------------------------------------
---------------------------------------------------------------------------------
Finished RTL Optimization Phase 2 : Time (s): cpu = 00:00:10 ; elapsed = 00:00:13 . Memory (MB): peak = 2195.523 ; gain = 422.215 ; free physical = 195 ; free virtual = 4276
---------------------------------------------------------------------------------

Report RTL Partitions: 
+-+--------------+------------+----------+
| |RTL Partition |Replication |Instances |
+-+--------------+------------+----------+
+-+--------------+------------+----------+
---------------------------------------------------------------------------------
Start RTL Component Statistics 
---------------------------------------------------------------------------------
Detailed RTL Component Info : 
+---Adders : 
	   2 Input      8 Bit       Adders := 2     
	   2 Input      5 Bit       Adders := 2     
	   2 Input      4 Bit       Adders := 1     
+---Registers : 
	               32 Bit    Registers := 1     
	                8 Bit    Registers := 2     
	                5 Bit    Registers := 2     
	                4 Bit    Registers := 2     
	                1 Bit    Registers := 6     
+---Muxes : 
	   2 Input      8 Bit        Muxes := 4     
	   4 Input      8 Bit        Muxes := 2     
	   2 Input      4 Bit        Muxes := 1     
	   2 Input      1 Bit        Muxes := 4     
	   3 Input      1 Bit        Muxes := 1     
	  12 Input      1 Bit        Muxes := 2     
---------------------------------------------------------------------------------
Finished RTL Component Statistics 
---------------------------------------------------------------------------------
---------------------------------------------------------------------------------
Start RTL Hierarchical Component Statistics 
---------------------------------------------------------------------------------
Hierarchical RTL Component report 
Module top 
Detailed RTL Component Info : 
+---Registers : 
	                1 Bit    Registers := 1     
Module debouncer 
Detailed RTL Component Info : 
+---Adders : 
	   2 Input      5 Bit       Adders := 2     
+---Registers : 
	                5 Bit    Registers := 2     
	                1 Bit    Registers := 4     
+---Muxes : 
	   2 Input      1 Bit        Muxes := 4     
Module PS2Receiver 
Detailed RTL Component Info : 
+---Adders : 
	   2 Input      4 Bit       Adders := 1     
+---Registers : 
	               32 Bit    Registers := 1     
	                8 Bit    Registers := 2     
	                4 Bit    Registers := 1     
	                1 Bit    Registers := 1     
+---Muxes : 
	   2 Input      4 Bit        Muxes := 1     
	   3 Input      1 Bit        Muxes := 1     
	  12 Input      1 Bit        Muxes := 2     
Module caeserEncoder 
Detailed RTL Component Info : 
+---Adders : 
	   2 Input      8 Bit       Adders := 2     
+---Muxes : 
	   2 Input      8 Bit        Muxes := 3     
	   4 Input      8 Bit        Muxes := 2     
Module seg7decimal 
Detailed RTL Component Info : 
+---Registers : 
	                4 Bit    Registers := 1     
+---Muxes : 
	   2 Input      8 Bit        Muxes := 1     
---------------------------------------------------------------------------------
Finished RTL Hierarchical Component Statistics
---------------------------------------------------------------------------------
---------------------------------------------------------------------------------
Start Part Resource Summary
---------------------------------------------------------------------------------
Part Resources:
DSPs: 240 (col length:80)
BRAMs: 270 (col length: RAMB18 80 RAMB36 40)
---------------------------------------------------------------------------------
Finished Part Resource Summary
---------------------------------------------------------------------------------
---------------------------------------------------------------------------------
Start Cross Boundary and Area Optimization
---------------------------------------------------------------------------------
Warning: Parallel synthesis criteria is not met 
WARNING: [Synth 8-3917] design top has port DP driven by constant 1
WARNING: [Synth 8-3331] design top has unconnected port UART_TXD
INFO: [Synth 8-3886] merging instance 'keyboard/dataprev_reg[6]' (FDE) to 'keyboard/keycode_reg[6]'
INFO: [Synth 8-3886] merging instance 'keyboard/dataprev_reg[7]' (FDE) to 'keyboard/keycode_reg[7]'
INFO: [Synth 8-3886] merging instance 'keyboard/dataprev_reg[0]' (FDE) to 'keyboard/keycode_reg[0]'
INFO: [Synth 8-3886] merging instance 'keyboard/dataprev_reg[1]' (FDE) to 'keyboard/keycode_reg[1]'
INFO: [Synth 8-3886] merging instance 'keyboard/dataprev_reg[2]' (FDE) to 'keyboard/keycode_reg[2]'
INFO: [Synth 8-3886] merging instance 'keyboard/dataprev_reg[3]' (FDE) to 'keyboard/keycode_reg[3]'
INFO: [Synth 8-3886] merging instance 'keyboard/dataprev_reg[4]' (FDE) to 'keyboard/keycode_reg[4]'
INFO: [Synth 8-3886] merging instance 'keyboard/dataprev_reg[5]' (FDE) to 'keyboard/keycode_reg[5]'
---------------------------------------------------------------------------------
Finished Cross Boundary and Area Optimization : Time (s): cpu = 00:00:11 ; elapsed = 00:00:14 . Memory (MB): peak = 2195.523 ; gain = 422.215 ; free physical = 188 ; free virtual = 4274
---------------------------------------------------------------------------------

Report RTL Partitions: 
+-+--------------+------------+----------+
| |RTL Partition |Replication |Instances |
+-+--------------+------------+----------+
+-+--------------+------------+----------+
---------------------------------------------------------------------------------
Start Applying XDC Timing Constraints
---------------------------------------------------------------------------------
---------------------------------------------------------------------------------
Finished Applying XDC Timing Constraints : Time (s): cpu = 00:00:16 ; elapsed = 00:00:20 . Memory (MB): peak = 2195.523 ; gain = 422.215 ; free physical = 122 ; free virtual = 4098
---------------------------------------------------------------------------------
---------------------------------------------------------------------------------
Start Timing Optimization
---------------------------------------------------------------------------------
---------------------------------------------------------------------------------
Finished Timing Optimization : Time (s): cpu = 00:00:16 ; elapsed = 00:00:20 . Memory (MB): peak = 2195.523 ; gain = 422.215 ; free physical = 133 ; free virtual = 4088
---------------------------------------------------------------------------------

Report RTL Partitions: 
+-+--------------+------------+----------+
| |RTL Partition |Replication |Instances |
+-+--------------+------------+----------+
+-+--------------+------------+----------+
---------------------------------------------------------------------------------
Start Technology Mapping
---------------------------------------------------------------------------------
---------------------------------------------------------------------------------
Finished Technology Mapping : Time (s): cpu = 00:00:17 ; elapsed = 00:00:20 . Memory (MB): peak = 2195.523 ; gain = 422.215 ; free physical = 133 ; free virtual = 4087
---------------------------------------------------------------------------------

Report RTL Partitions: 
+-+--------------+------------+----------+
| |RTL Partition |Replication |Instances |
+-+--------------+------------+----------+
+-+--------------+------------+----------+
---------------------------------------------------------------------------------
Start IO Insertion
---------------------------------------------------------------------------------
---------------------------------------------------------------------------------
Start Flattening Before IO Insertion
---------------------------------------------------------------------------------
---------------------------------------------------------------------------------
Finished Flattening Before IO Insertion
---------------------------------------------------------------------------------
---------------------------------------------------------------------------------
Start Final Netlist Cleanup
---------------------------------------------------------------------------------
---------------------------------------------------------------------------------
Finished Final Netlist Cleanup
---------------------------------------------------------------------------------
---------------------------------------------------------------------------------
Finished IO Insertion : Time (s): cpu = 00:00:19 ; elapsed = 00:00:23 . Memory (MB): peak = 2195.523 ; gain = 422.215 ; free physical = 134 ; free virtual = 4089
---------------------------------------------------------------------------------
---------------------------------------------------------------------------------
Start Renaming Generated Instances
---------------------------------------------------------------------------------
---------------------------------------------------------------------------------
Finished Renaming Generated Instances : Time (s): cpu = 00:00:19 ; elapsed = 00:00:23 . Memory (MB): peak = 2195.523 ; gain = 422.215 ; free physical = 134 ; free virtual = 4089
---------------------------------------------------------------------------------

Report RTL Partitions: 
+-+--------------+------------+----------+
| |RTL Partition |Replication |Instances |
+-+--------------+------------+----------+
+-+--------------+------------+----------+

Report Check Netlist: 
+------+------------------+-------+---------+-------+------------------+
|      |Item              |Errors |Warnings |Status |Description       |
+------+------------------+-------+---------+-------+------------------+
|1     |multi_driven_nets |      0|        0|Passed |Multi driven nets |
+------+------------------+-------+---------+-------+------------------+
---------------------------------------------------------------------------------
Start Rebuilding User Hierarchy
---------------------------------------------------------------------------------
---------------------------------------------------------------------------------
Finished Rebuilding User Hierarchy : Time (s): cpu = 00:00:19 ; elapsed = 00:00:23 . Memory (MB): peak = 2195.523 ; gain = 422.215 ; free physical = 134 ; free virtual = 4089
---------------------------------------------------------------------------------
---------------------------------------------------------------------------------
Start Renaming Generated Ports
---------------------------------------------------------------------------------
---------------------------------------------------------------------------------
Finished Renaming Generated Ports : Time (s): cpu = 00:00:19 ; elapsed = 00:00:23 . Memory (MB): peak = 2195.523 ; gain = 422.215 ; free physical = 134 ; free virtual = 4089
---------------------------------------------------------------------------------
---------------------------------------------------------------------------------
Start Handling Custom Attributes
---------------------------------------------------------------------------------
---------------------------------------------------------------------------------
Finished Handling Custom Attributes : Time (s): cpu = 00:00:19 ; elapsed = 00:00:23 . Memory (MB): peak = 2195.523 ; gain = 422.215 ; free physical = 134 ; free virtual = 4089
---------------------------------------------------------------------------------
---------------------------------------------------------------------------------
Start Renaming Generated Nets
---------------------------------------------------------------------------------
---------------------------------------------------------------------------------
Finished Renaming Generated Nets : Time (s): cpu = 00:00:19 ; elapsed = 00:00:23 . Memory (MB): peak = 2195.523 ; gain = 422.215 ; free physical = 134 ; free virtual = 4089
---------------------------------------------------------------------------------
---------------------------------------------------------------------------------
Start Writing Synthesis Report
---------------------------------------------------------------------------------

Report BlackBoxes: 
+-+--------------+----------+
| |BlackBox name |Instances |
+-+--------------+----------+
+-+--------------+----------+

Report Cell Usage: 
+------+-------+------+
|      |Cell   |Count |
+------+-------+------+
|1     |BUFG   |     2|
|2     |CARRY4 |     5|
|3     |LUT1   |     4|
|4     |LUT2   |     4|
|5     |LUT3   |    10|
|6     |LUT4   |    19|
|7     |LUT5   |    11|
|8     |LUT6   |    26|
|9     |MUXF7  |     4|
|10    |FDRE   |    83|
|11    |FDSE   |     1|
|12    |IBUF   |     4|
|13    |OBUF   |    32|
|14    |OBUFT  |     1|
+------+-------+------+

Report Instance Areas: 
+------+-------------+------------+------+
|      |Instance     |Module      |Cells |
+------+-------------+------------+------+
|1     |top          |            |   206|
|2     |  keyboard   |PS2Receiver |   120|
|3     |    debounce |debouncer   |    29|
|4     |  sevenSeg   |seg7decimal |    45|
+------+-------------+------------+------+
---------------------------------------------------------------------------------
Finished Writing Synthesis Report : Time (s): cpu = 00:00:19 ; elapsed = 00:00:23 . Memory (MB): peak = 2195.523 ; gain = 422.215 ; free physical = 134 ; free virtual = 4089
---------------------------------------------------------------------------------
Synthesis finished with 0 errors, 0 critical warnings and 2 warnings.
Synthesis Optimization Runtime : Time (s): cpu = 00:00:18 ; elapsed = 00:00:21 . Memory (MB): peak = 2195.523 ; gain = 266.402 ; free physical = 188 ; free virtual = 4143
Synthesis Optimization Complete : Time (s): cpu = 00:00:19 ; elapsed = 00:00:23 . Memory (MB): peak = 2195.523 ; gain = 422.215 ; free physical = 189 ; free virtual = 4143
INFO: [Project 1-571] Translating synthesized netlist
Netlist sorting complete. Time (s): cpu = 00:00:00 ; elapsed = 00:00:00 . Memory (MB): peak = 2195.523 ; gain = 0.000 ; free physical = 258 ; free virtual = 4213
INFO: [Netlist 29-17] Analyzing 9 Unisim elements for replacement
INFO: [Netlist 29-28] Unisim Transformation completed in 0 CPU seconds
INFO: [Project 1-570] Preparing netlist for logic optimization
INFO: [Opt 31-138] Pushed 0 inverter(s) to 0 load pin(s).
Netlist sorting complete. Time (s): cpu = 00:00:00 ; elapsed = 00:00:00 . Memory (MB): peak = 2195.523 ; gain = 0.000 ; free physical = 204 ; free virtual = 4159
INFO: [Project 1-111] Unisim Transformation Summary:
No Unisim elements were transformed.

INFO: [Common 17-83] Releasing license: Synthesis
33 Infos, 5 Warnings, 0 Critical Warnings and 0 Errors encountered.
synth_design completed successfully
synth_design: Time (s): cpu = 00:00:26 ; elapsed = 00:00:31 . Memory (MB): peak = 2195.523 ; gain = 690.070 ; free physical = 334 ; free virtual = 4288
Netlist sorting complete. Time (s): cpu = 00:00:00 ; elapsed = 00:00:00 . Memory (MB): peak = 2195.523 ; gain = 0.000 ; free physical = 334 ; free virtual = 4288
WARNING: [Constraints 18-5210] No constraints selected for write.
Resolution: This message can indicate that there are no constraints for the design, or it can indicate that the used_in flags are set such that the constraints are ignored. This later case is used when running synth_design to not write synthesis constraints to the resulting checkpoint. Instead, project constraints are read when the synthesized design is opened.
INFO: [Common 17-1381] The checkpoint '/home/malak/sites/addproject/caesar_cipher/caesar_cipher.runs/synth_1/top.dcp' has been generated.
INFO: [runtcl-4] Executing : report_utilization -file top_utilization_synth.rpt -pb top_utilization_synth.pb
INFO: [Common 17-206] Exiting Vivado at Wed Apr 29 09:36:30 2020...
