Copyright 1986-2019 Xilinx, Inc. All Rights Reserved.
------------------------------------------------------------------------------------
| Tool Version : Vivado v.2019.2 (lin64) Build 2708876 Wed Nov  6 21:39:14 MST 2019
| Date         : Wed Apr 29 09:45:42 2020
| Host         : malak running 64-bit Ubuntu 18.04.4 LTS
| Command      : report_control_sets -verbose -file top_control_sets_placed.rpt
| Design       : top
| Device       : xc7a100t
------------------------------------------------------------------------------------

Control Set Information

Table of Contents
-----------------
1. Summary
2. Histogram
3. Flip-Flop Distribution
4. Detailed Control Set Information

1. Summary
----------

+----------------------------------------------------------+-------+
|                          Status                          | Count |
+----------------------------------------------------------+-------+
| Total control sets                                       |    11 |
|    Minimum number of control sets                        |    11 |
|    Addition due to synthesis replication                 |     0 |
|    Addition due to physical synthesis replication        |     0 |
| Unused register locations in slices containing registers |    60 |
+----------------------------------------------------------+-------+
* Control sets can be merged at opt_design using control_set_merge or merge_equivalent_drivers
** Run report_qor_suggestions for automated merging and remapping suggestions


2. Histogram
------------

+--------------------+-------+
|       Fanout       | Count |
+--------------------+-------+
| Total control sets |    11 |
| >= 0 to < 4        |     5 |
| >= 4 to < 6        |     3 |
| >= 6 to < 8        |     0 |
| >= 8 to < 10       |     1 |
| >= 10 to < 12      |     0 |
| >= 12 to < 14      |     0 |
| >= 14 to < 16      |     0 |
| >= 16              |     2 |
+--------------------+-------+
* Control sets can be remapped at either synth_design or opt_design


3. Flip-Flop Distribution
-------------------------

+--------------+-----------------------+------------------------+-----------------+--------------+
| Clock Enable | Synchronous Set/Reset | Asynchronous Set/Reset | Total Registers | Total Slices |
+--------------+-----------------------+------------------------+-----------------+--------------+
| No           | No                    | No                     |              35 |           13 |
| No           | No                    | Yes                    |               0 |            0 |
| No           | Yes                   | No                     |               4 |            1 |
| Yes          | No                    | No                     |              36 |            8 |
| Yes          | No                    | Yes                    |               0 |            0 |
| Yes          | Yes                   | No                     |               9 |            2 |
+--------------+-----------------------+------------------------+-----------------+--------------+


4. Detailed Control Set Information
-----------------------------------

+-----------------------+-----------------------------------+-------------------------------+------------------+----------------+
|      Clock Signal     |           Enable Signal           |        Set/Reset Signal       | Slice Load Count | Bel Load Count |
+-----------------------+-----------------------------------+-------------------------------+------------------+----------------+
|  CLK50MHZ             |                                   |                               |                1 |              1 |
|  CLK50MHZ             | keyboard/debounce/O1_i_1_n_0      |                               |                1 |              1 |
|  CLK50MHZ             | keyboard/debounce/Iv1_i_1_n_0     |                               |                1 |              1 |
|  CLK50MHZ             | keyboard/debounce/clear           |                               |                1 |              1 |
|  CLK50MHZ             | keyboard/debounce/O0_i_1_n_0      |                               |                1 |              1 |
|  CLK50MHZ             |                                   | keyboard/debounce/clear       |                1 |              4 |
| ~keyboard/debounce/O0 | keyboard/cnt                      | keyboard/cnt[3]_i_1_n_0       |                1 |              4 |
|  CLK50MHZ             | keyboard/debounce/cnt1[4]_i_1_n_0 | keyboard/debounce/Iv1_i_1_n_0 |                1 |              5 |
| ~keyboard/debounce/O0 |                                   |                               |                3 |              9 |
|  CLK100MHZ_IBUF_BUFG  |                                   |                               |                9 |             25 |
|  flag_BUFG            | keyboard/keycode[31]_i_1_n_0      |                               |                4 |             32 |
+-----------------------+-----------------------------------+-------------------------------+------------------+----------------+


